<?xml version="1.0" encoding="UTF-8"?>
<testng-results skipped="0" failed="0" total="1" passed="1">
  <reporter-output>
  </reporter-output>
  <suite name="Default suite" duration-ms="13744" started-at="2020-04-11T13:21:49Z" finished-at="2020-04-11T13:22:03Z">
    <groups>
    </groups>
    <test name="Default test" duration-ms="13744" started-at="2020-04-11T13:21:49Z" finished-at="2020-04-11T13:22:03Z">
      <class name="com.bridgelabz.hybridFramwork.testcases.FaceBookLoginTest">
        <test-method status="PASS" signature="setup()[pri:0, instance:com.bridgelabz.hybridFramwork.testcases.FaceBookLoginTest@7e0babb1]" name="setup" is-config="true" duration-ms="11744" started-at="2020-04-11T18:51:50Z" finished-at="2020-04-11T18:52:02Z">
          <reporter-output>
          </reporter-output>
        </test-method> <!-- setup -->
        <test-method status="PASS" signature="login(java.lang.String, java.lang.String)[pri:0, instance:com.bridgelabz.hybridFramwork.testcases.FaceBookLoginTest@7e0babb1]" name="login" duration-ms="550" started-at="2020-04-11T18:52:02Z" data-provider="loginDetails" finished-at="2020-04-11T18:52:02Z">
          <params>
            <param index="0">
              <value>
                <![CDATA[nikunj.955888]]>
              </value>
            </param>
            <param index="1">
              <value>
                <![CDATA[topsecreat]]>
              </value>
            </param>
          </params>
          <reporter-output>
          </reporter-output>
        </test-method> <!-- login -->
        <test-method status="PASS" signature="terminate()[pri:0, instance:com.bridgelabz.hybridFramwork.testcases.FaceBookLoginTest@7e0babb1]" name="terminate" is-config="true" duration-ms="806" started-at="2020-04-11T18:52:02Z" finished-at="2020-04-11T18:52:03Z">
          <reporter-output>
          </reporter-output>
        </test-method> <!-- terminate -->
      </class> <!-- com.bridgelabz.hybridFramwork.testcases.FaceBookLoginTest -->
    </test> <!-- Default test -->
  </suite> <!-- Default suite -->
</testng-results>
