<?xml version="1.0" encoding="UTF-8"?>
<testng-results skipped="0" failed="0" total="8" passed="8">
  <reporter-output>
  </reporter-output>
  <suite name="Default suite" duration-ms="8038" started-at="2020-03-27T13:25:09Z" finished-at="2020-03-27T13:25:17Z">
    <groups>
    </groups>
    <test name="Default test" duration-ms="8038" started-at="2020-03-27T13:25:09Z" finished-at="2020-03-27T13:25:17Z">
      <class name="com.restAssured.spotify.TestSpotify">
        <test-method status="PASS" signature="setup()[pri:0, instance:com.restAssured.spotify.TestSpotify@6fffcba5]" name="setup" is-config="true" duration-ms="8" started-at="2020-03-27T18:55:09Z" finished-at="2020-03-27T18:55:09Z">
          <reporter-output>
          </reporter-output>
        </test-method> <!-- setup -->
        <test-method status="PASS" signature="token_getUserId()[pri:0, instance:com.restAssured.spotify.TestSpotify@6fffcba5]" name="token_getUserId" duration-ms="3050" started-at="2020-03-27T18:55:09Z" finished-at="2020-03-27T18:55:12Z">
          <reporter-output>
          </reporter-output>
        </test-method> <!-- token_getUserId -->
        <test-method status="PASS" signature="setup()[pri:0, instance:com.restAssured.spotify.TestSpotify@6fffcba5]" name="setup" is-config="true" duration-ms="0" started-at="2020-03-27T18:55:12Z" finished-at="2020-03-27T18:55:12Z">
          <reporter-output>
          </reporter-output>
        </test-method> <!-- setup -->
        <test-method status="PASS" signature="userId_GetUserProfile()[pri:0, instance:com.restAssured.spotify.TestSpotify@6fffcba5]" name="userId_GetUserProfile" duration-ms="648" started-at="2020-03-27T18:55:12Z" finished-at="2020-03-27T18:55:13Z">
          <reporter-output>
          </reporter-output>
        </test-method> <!-- userId_GetUserProfile -->
        <test-method status="PASS" signature="setup()[pri:0, instance:com.restAssured.spotify.TestSpotify@6fffcba5]" name="setup" is-config="true" duration-ms="1" started-at="2020-03-27T18:55:13Z" finished-at="2020-03-27T18:55:13Z">
          <reporter-output>
          </reporter-output>
        </test-method> <!-- setup -->
        <test-method status="PASS" signature="userId_GetAllPlaylist()[pri:0, instance:com.restAssured.spotify.TestSpotify@6fffcba5]" name="userId_GetAllPlaylist" duration-ms="633" started-at="2020-03-27T18:55:13Z" finished-at="2020-03-27T18:55:13Z">
          <reporter-output>
          </reporter-output>
        </test-method> <!-- userId_GetAllPlaylist -->
        <test-method status="PASS" signature="userId_CreatPlaylist()[pri:0, instance:com.restAssured.spotify.TestSpotify@6fffcba5]" name="userId_CreatPlaylist" duration-ms="1152" started-at="2020-03-27T18:55:13Z" finished-at="2020-03-27T18:55:15Z">
          <reporter-output>
          </reporter-output>
        </test-method> <!-- userId_CreatPlaylist -->
        <test-method status="PASS" signature="setup()[pri:0, instance:com.restAssured.spotify.TestSpotify@6fffcba5]" name="setup" is-config="true" duration-ms="0" started-at="2020-03-27T18:55:13Z" finished-at="2020-03-27T18:55:13Z">
          <reporter-output>
          </reporter-output>
        </test-method> <!-- setup -->
        <test-method status="PASS" signature="playlistId_ChangePlaylistDetails()[pri:0, instance:com.restAssured.spotify.TestSpotify@6fffcba5]" name="playlistId_ChangePlaylistDetails" duration-ms="521" started-at="2020-03-27T18:55:15Z" finished-at="2020-03-27T18:55:15Z">
          <reporter-output>
          </reporter-output>
        </test-method> <!-- playlistId_ChangePlaylistDetails -->
        <test-method status="PASS" signature="setup()[pri:0, instance:com.restAssured.spotify.TestSpotify@6fffcba5]" name="setup" is-config="true" duration-ms="0" started-at="2020-03-27T18:55:15Z" finished-at="2020-03-27T18:55:15Z">
          <reporter-output>
          </reporter-output>
        </test-method> <!-- setup -->
        <test-method status="PASS" signature="setup()[pri:0, instance:com.restAssured.spotify.TestSpotify@6fffcba5]" name="setup" is-config="true" duration-ms="0" started-at="2020-03-27T18:55:15Z" finished-at="2020-03-27T18:55:15Z">
          <reporter-output>
          </reporter-output>
        </test-method> <!-- setup -->
        <test-method status="PASS" signature="playlistId_GetAllTracks()[pri:0, instance:com.restAssured.spotify.TestSpotify@6fffcba5]" name="playlistId_GetAllTracks" duration-ms="891" started-at="2020-03-27T18:55:15Z" finished-at="2020-03-27T18:55:16Z">
          <reporter-output>
          </reporter-output>
        </test-method> <!-- playlistId_GetAllTracks -->
        <test-method status="PASS" signature="setup()[pri:0, instance:com.restAssured.spotify.TestSpotify@6fffcba5]" name="setup" is-config="true" duration-ms="0" started-at="2020-03-27T18:55:16Z" finished-at="2020-03-27T18:55:16Z">
          <reporter-output>
          </reporter-output>
        </test-method> <!-- setup -->
        <test-method status="PASS" signature="playlistId_DeleteTracl()[pri:0, instance:com.restAssured.spotify.TestSpotify@6fffcba5]" name="playlistId_DeleteTracl" duration-ms="546" started-at="2020-03-27T18:55:16Z" finished-at="2020-03-27T18:55:17Z">
          <reporter-output>
          </reporter-output>
        </test-method> <!-- playlistId_DeleteTracl -->
        <test-method status="PASS" signature="setup()[pri:0, instance:com.restAssured.spotify.TestSpotify@6fffcba5]" name="setup" is-config="true" duration-ms="3" started-at="2020-03-27T18:55:17Z" finished-at="2020-03-27T18:55:17Z">
          <reporter-output>
          </reporter-output>
        </test-method> <!-- setup -->
        <test-method status="PASS" signature="playlistId_AddTrack()[pri:0, instance:com.restAssured.spotify.TestSpotify@6fffcba5]" name="playlistId_AddTrack" duration-ms="535" started-at="2020-03-27T18:55:17Z" finished-at="2020-03-27T18:55:17Z">
          <reporter-output>
          </reporter-output>
        </test-method> <!-- playlistId_AddTrack -->
      </class> <!-- com.restAssured.spotify.TestSpotify -->
    </test> <!-- Default test -->
  </suite> <!-- Default suite -->
</testng-results>
