<?xml version="1.0" encoding="UTF-8"?>
<!-- Generated by org.testng.reporters.JUnitXMLReporter -->
<testsuite hostname="Mahadev-PC" name="Default test" tests="8" failures="0" timestamp="27 Mar 2020 13:25:17 GMT" time="8.038" errors="0">
  <testcase name="token_getUserId" time="3.05" classname="com.restAssured.spotify.TestSpotify"/>
  <testcase name="userId_GetUserProfile" time="0.648" classname="com.restAssured.spotify.TestSpotify"/>
  <testcase name="userId_GetAllPlaylist" time="0.633" classname="com.restAssured.spotify.TestSpotify"/>
  <testcase name="userId_CreatPlaylist" time="1.152" classname="com.restAssured.spotify.TestSpotify"/>
  <testcase name="playlistId_ChangePlaylistDetails" time="0.521" classname="com.restAssured.spotify.TestSpotify"/>
  <testcase name="playlistId_GetAllTracks" time="0.891" classname="com.restAssured.spotify.TestSpotify"/>
  <testcase name="playlistId_DeleteTracl" time="0.546" classname="com.restAssured.spotify.TestSpotify"/>
  <testcase name="playlistId_AddTrack" time="0.535" classname="com.restAssured.spotify.TestSpotify"/>
</testsuite> <!-- Default test -->
