<?xml version="1.0" encoding="UTF-8" ?>
<testsuite tests="1" failures="1" name="com.selenium.datadriven.facebookTest" time="0.013" errors="0" skipped="0">
  <properties>
[...]
</properties>
  <testcase classname="com.selenium.datadriven.facebookTest" name="facebookLogin" time="0.013">
    <failure message="Unresolved compilation problem: 
	The method click() is undefined for the type List&lt;WebElement&gt;
" type="java.lang.Error">java.lang.Error: Unresolved compilation problem: 
	The method click() is undefined for the type List&lt;WebElement&gt;

	at com.selenium.datadriven.facebookTest.facebookLogin(facebookTest.java:37)
</failure>
    <system-out>Configuring TestNG with: org.apache.maven.surefire.testng.conf.TestNG652Configurator@490d6c15
</system-out>
  </testcase>
</testsuite>