<?xml version="1.0" encoding="UTF-8"?>
<testng-results skipped="0" failed="0" total="1" passed="1">
  <reporter-output>
  </reporter-output>
  <suite name="Default suite" duration-ms="27534" started-at="2020-04-10T14:36:36Z" finished-at="2020-04-10T14:37:03Z">
    <groups>
    </groups>
    <test name="Default test" duration-ms="27534" started-at="2020-04-10T14:36:36Z" finished-at="2020-04-10T14:37:03Z">
      <class name="com.bridgelabz.testCase.TestPOMFramwork">
        <test-method status="PASS" signature="test()[pri:0, instance:com.bridgelabz.testCase.TestPOMFramwork@6ea6d14e]" name="test" duration-ms="27515" started-at="2020-04-10T20:06:36Z" finished-at="2020-04-10T20:07:03Z">
          <reporter-output>
          </reporter-output>
        </test-method> <!-- test -->
      </class> <!-- com.bridgelabz.testCase.TestPOMFramwork -->
    </test> <!-- Default test -->
  </suite> <!-- Default suite -->
</testng-results>
