<?xml version="1.0" encoding="UTF-8"?>
<!-- Generated by org.testng.reporters.JUnitXMLReporter -->
<testsuite hostname="Mahadev-PC" ignored="0" name="Command line test" tests="1" failures="1" timestamp="2020-03-31T13:01:34 IST" time="0.893" errors="0">
  <testcase name="facebookLogin" time="0.007" classname="com.selenium.datadriven.facebookTest">
    <failure type="java.lang.Error" message="Unresolved compilation problem: 
	The method click() is undefined for the type List&amp;lt;WebElement&amp;gt;
">
      <![CDATA[java.lang.Error: Unresolved compilation problem: 
The method click() is undefined for the type List<WebElement>

at com.selenium.datadriven.facebookTest.facebookLogin(facebookTest.java:37)
at java.util.ArrayList.forEach(Unknown Source)
... Removed 36 stack frames]]>
    </failure>
  </testcase> <!-- facebookLogin -->
</testsuite> <!-- Command line test -->
