<?xml version="1.0" encoding="UTF-8"?>
<!-- Generated by org.testng.reporters.JUnitXMLReporter -->
<testsuite hostname="Mahadev-PC" name="testCalculator" tests="2" failures="1" timestamp="17 Apr 2020 14:00:26 GMT" time="79.372" errors="0">
  <testcase name="test_Calculator" time="4.164" classname="com.bridgelabz.appium.testcases.CalculatorTest"/>
  <testcase name="test_Calculator2" time="48.277" classname="com.bridgelabz.appium.testcases.CalculatorTest">
    <failure type="org.openqa.selenium.WebDriverException" message="An unknown server-side error occurred while processing the command. Original error: Could not proxy command to remote server. Original error: Error: socket hang up
Build info: version: &amp;apos;3.141.59&amp;apos;, revision: &amp;apos;e82be7d358&amp;apos;, time: &amp;apos;2018-11-14T08:17:03&amp;apos;
System info: host: &amp;apos;MAHADEV-PC&amp;apos;, ip: &amp;apos;192.168.43.48&amp;apos;, os.name: &amp;apos;Windows 7&amp;apos;, os.arch: &amp;apos;amd64&amp;apos;, os.version: &amp;apos;6.1&amp;apos;, java.version: &amp;apos;1.8.0_211&amp;apos;
Driver info: io.appium.java_client.AppiumDriver
Capabilities {appActivity: com.android.bbkcalculator.C..., appPackage: com.android.bbkcalculator, databaseEnabled: false, desired: {appActivity: com.android.bbkcalculator.C..., appPackage: com.android.bbkcalculator, deviceName: vivo 1716, newCommandTimeout: 60, platformName: android, platformVersion: 8.1.0, udid: 53d40788}, deviceApiLevel: 27, deviceManufacturer: vivo, deviceModel: vivo 1716, deviceName: 53d40788, deviceScreenDensity: 320, deviceScreenSize: 720x1440, deviceUDID: 53d40788, javascriptEnabled: true, locationContextEnabled: false, networkConnectionEnabled: true, newCommandTimeout: 60, pixelRatio: 2, platform: LINUX, platformName: Android, platformVersion: 8.1.0, statBarHeight: 48, takesScreenshot: true, udid: 53d40788, viewportRect: {height: 1392, left: 0, top: 48, width: 720}, warnings: {}, webStorageEnabled: false}
Session ID: c66de35b-b4c5-4149-ade4-ba0e66d9ea65">
      <![CDATA[org.openqa.selenium.WebDriverException: An unknown server-side error occurred while processing the command. Original error: Could not proxy command to remote server. Original error: Error: socket hang up
Build info: version: '3.141.59', revision: 'e82be7d358', time: '2018-11-14T08:17:03'
System info: host: 'MAHADEV-PC', ip: '192.168.43.48', os.name: 'Windows 7', os.arch: 'amd64', os.version: '6.1', java.version: '1.8.0_211'
Driver info: io.appium.java_client.AppiumDriver
Capabilities {appActivity: com.android.bbkcalculator.C..., appPackage: com.android.bbkcalculator, databaseEnabled: false, desired: {appActivity: com.android.bbkcalculator.C..., appPackage: com.android.bbkcalculator, deviceName: vivo 1716, newCommandTimeout: 60, platformName: android, platformVersion: 8.1.0, udid: 53d40788}, deviceApiLevel: 27, deviceManufacturer: vivo, deviceModel: vivo 1716, deviceName: 53d40788, deviceScreenDensity: 320, deviceScreenSize: 720x1440, deviceUDID: 53d40788, javascriptEnabled: true, locationContextEnabled: false, networkConnectionEnabled: true, newCommandTimeout: 60, pixelRatio: 2, platform: LINUX, platformName: Android, platformVersion: 8.1.0, statBarHeight: 48, takesScreenshot: true, udid: 53d40788, viewportRect: {height: 1392, left: 0, top: 48, width: 720}, warnings: {}, webStorageEnabled: false}
Session ID: c66de35b-b4c5-4149-ade4-ba0e66d9ea65
	at org.openqa.selenium.remote.http.W3CHttpResponseCodec.createException(W3CHttpResponseCodec.java:187)
	at org.openqa.selenium.remote.http.W3CHttpResponseCodec.decode(W3CHttpResponseCodec.java:122)
	at org.openqa.selenium.remote.http.W3CHttpResponseCodec.decode(W3CHttpResponseCodec.java:49)
	at org.openqa.selenium.remote.HttpCommandExecutor.execute(HttpCommandExecutor.java:158)
	at io.appium.java_client.remote.AppiumCommandExecutor.execute(AppiumCommandExecutor.java:239)
	at org.openqa.selenium.remote.RemoteWebDriver.execute(RemoteWebDriver.java:552)
	at io.appium.java_client.DefaultGenericMobileDriver.execute(DefaultGenericMobileDriver.java:41)
	at io.appium.java_client.AppiumDriver.execute(AppiumDriver.java:1)
	at org.openqa.selenium.remote.RemoteWebElement.execute(RemoteWebElement.java:285)
	at io.appium.java_client.DefaultGenericMobileElement.execute(DefaultGenericMobileElement.java:45)
	at io.appium.java_client.MobileElement.execute(MobileElement.java:1)
	at io.appium.java_client.android.AndroidElement.execute(AndroidElement.java:1)
	at org.openqa.selenium.remote.RemoteWebElement.click(RemoteWebElement.java:84)
	at io.appium.java_client.pagefactory.ElementInterceptor.getObject(ElementInterceptor.java:40)
	at io.appium.java_client.pagefactory.interceptors.InterceptorOfASingleElement.intercept(InterceptorOfASingleElement.java:60)
	at io.appium.java_client.android.AndroidElement$$EnhancerByCGLIB$$b598166c.click(<generated>)
	at com.bridgelabz.appium.pages.CalculatorPage.nine(CalculatorPage.java:97)
	at com.bridgelabz.appium.testcases.CalculatorTest.test_Calculator2(CalculatorTest.java:44)
... Removed 31 stack frames]]>
    </failure>
  </testcase> <!-- test_Calculator2 -->
</testsuite> <!-- testCalculator -->
