<?xml version="1.0" encoding="UTF-8"?>
<testng-results skipped="0" failed="0" total="1" passed="1">
  <reporter-output>
  </reporter-output>
  <suite name="Default suite" duration-ms="25194" started-at="2020-04-01T13:34:05Z" finished-at="2020-04-01T13:34:30Z">
    <groups>
    </groups>
    <test name="Default test" duration-ms="25194" started-at="2020-04-01T13:34:05Z" finished-at="2020-04-01T13:34:30Z">
      <class name="com.selenium.datadriven.FacebookTest">
        <test-method status="PASS" signature="facebookLogin(java.lang.String, java.lang.String)[pri:0, instance:com.selenium.datadriven.FacebookTest@45c8e616]" name="facebookLogin" duration-ms="24526" started-at="2020-04-01T19:04:06Z" data-provider="facebookLogin" finished-at="2020-04-01T19:04:30Z">
          <params>
            <param index="0">
              <value>
                <![CDATA[nikunj.955888]]>
              </value>
            </param>
            <param index="1">
              <value>
                <![CDATA[topsecreat]]>
              </value>
            </param>
          </params>
          <reporter-output>
          </reporter-output>
        </test-method> <!-- facebookLogin -->
      </class> <!-- com.selenium.datadriven.FacebookTest -->
    </test> <!-- Default test -->
  </suite> <!-- Default suite -->
</testng-results>
